0 info it worked if it ends with ok
1 verbose cli [ '/opt/local/bin/node', '/opt/local/bin/npm', 'link' ]
2 info using npm@3.10.10
3 info using node@v6.12.0
4 verbose linkPkg /Applications/MAMP/htdocs/websites/lejant
5 verbose stack Error: Package must have a name field to be linked
5 verbose stack     at /opt/local/lib/node_modules/npm/lib/link.js:148:12
5 verbose stack     at /opt/local/lib/node_modules/npm/node_modules/read-package-json/read-json.js:356:5
5 verbose stack     at checkBinReferences_ (/opt/local/lib/node_modules/npm/node_modules/read-package-json/read-json.js:320:45)
5 verbose stack     at final (/opt/local/lib/node_modules/npm/node_modules/read-package-json/read-json.js:354:3)
5 verbose stack     at then (/opt/local/lib/node_modules/npm/node_modules/read-package-json/read-json.js:124:5)
5 verbose stack     at /opt/local/lib/node_modules/npm/node_modules/read-package-json/read-json.js:311:12
5 verbose stack     at /opt/local/lib/node_modules/npm/node_modules/graceful-fs/graceful-fs.js:78:16
5 verbose stack     at tryToString (fs.js:457:3)
5 verbose stack     at FSReqWrap.readFileAfterClose [as oncomplete] (fs.js:444:12)
6 verbose cwd /Applications/MAMP/htdocs/websites/lejant/Themes/Architect
7 error Darwin 16.7.0
8 error argv "/opt/local/bin/node" "/opt/local/bin/npm" "link"
9 error node v6.12.0
10 error npm  v3.10.10
11 error Package must have a name field to be linked
12 error If you need help, you may report this error at:
12 error     <https://github.com/npm/npm/issues>
13 verbose exit [ 1, true ]
